1616773238286	geckodriver	INFO	Listening on 127.0.0.1:53195
1616773241318	mozrunner::runner	INFO	Running command: "C:\\Program Files\\Mozilla Firefox\\firefox.exe" "--marionette" "-foreground" "-no-remote" "-profile" "C:\\Users\\Victor\\AppData\\Local\\Temp\\rust_mozprofileEml1xq"
console.warn: SearchSettings: "get: No settings file exists, new profile?" (new Error("", "(unknown module)"))
1616773243435	Marionette	INFO	Listening on port 53203
1616773243943	Marionette	WARN	TLS certificate errors will be ignored for this session
console.warn: LoginRecipes: "getRecipes: falling back to a synchronous message for:" "https://www.instagram.com"
SourceActor threw an exception: [Exception... "Component returned failure code: 0x80470002 (NS_BASE_STREAM_CLOSED) [nsIInputStream.available]"  nsresult: "0x80470002 (NS_BASE_STREAM_CLOSED)"  location: "JS frame :: resource://devtools/shared/DevToolsUtils.js :: onResponse :: line 567"  data: no]
Stack: onResponse@resource://devtools/shared/DevToolsUtils.js:567:34
onStopRequest@resource://gre/modules/NetUtil.jsm:128:18
Line: 567, column: 0
console.error: ({})
JavaScript error: resource://devtools/shared/DevToolsUtils.js, line 567: NS_BASE_STREAM_CLOSED: Component returned failure code: 0x80470002 (NS_BASE_STREAM_CLOSED) [nsIInputStream.available]
console.log: WebExtensions: reset-default-search: No addons in our list are installed.
JavaScript error: , line 0: NS_ERROR_NOT_AVAILABLE
1616774205559	Marionette	INFO	Stopped listening on port 53203

###!!! [Child][RunMessage] Error: Channel closing: too late to send/recv, messages will be lost

1616774207282	geckodriver	INFO	Listening on 127.0.0.1:53505
1616774210326	mozrunner::runner	INFO	Running command: "C:\\Program Files\\Mozilla Firefox\\firefox.exe" "--marionette" "-foreground" "-no-remote" "-profile" "C:\\Users\\Victor\\AppData\\Local\\Temp\\rust_mozprofiledx97nw"
console.warn: SearchSettings: "get: No settings file exists, new profile?" (new Error("", "(unknown module)"))
1616774212418	Marionette	INFO	Listening on port 53514
1616774212446	Marionette	WARN	TLS certificate errors will be ignored for this session
1616774312649	Marionette	INFO	Stopped listening on port 53514

###!!! [Child][RunMessage] Error: Channel closing: too late to send/recv, messages will be lost

1616774314972	geckodriver	INFO	Listening on 127.0.0.1:53630
1616774318030	mozrunner::runner	INFO	Running command: "C:\\Program Files\\Mozilla Firefox\\firefox.exe" "--marionette" "-foreground" "-no-remote" "-profile" "C:\\Users\\Victor\\AppData\\Local\\Temp\\rust_mozprofileN3PTmL"
console.warn: SearchSettings: "get: No settings file exists, new profile?" (new Error("", "(unknown module)"))
1616774319887	Marionette	INFO	Listening on port 53639
1616774320049	Marionette	WARN	TLS certificate errors will be ignored for this session
SourceActor threw an exception: [Exception... "Component returned failure code: 0x80470002 (NS_BASE_STREAM_CLOSED) [nsIInputStream.available]"  nsresult: "0x80470002 (NS_BASE_STREAM_CLOSED)"  location: "JS frame :: resource://devtools/shared/DevToolsUtils.js :: onResponse :: line 567"  data: no]
Stack: onResponse@resource://devtools/shared/DevToolsUtils.js:567:34
onStopRequest@resource://gre/modules/NetUtil.jsm:128:18
Line: 567, column: 0
console.error: ({})
JavaScript error: resource://devtools/shared/DevToolsUtils.js, line 567: NS_BASE_STREAM_CLOSED: Component returned failure code: 0x80470002 (NS_BASE_STREAM_CLOSED) [nsIInputStream.available]
Handler function threw an exception: [Exception... "Component returned failure code: 0x80040111 (NS_ERROR_NOT_AVAILABLE) [nsIHttpChannelInternal.remoteAddress]"  nsresult: "0x80040111 (NS_ERROR_NOT_AVAILABLE)"  location: "JS frame :: resource://devtools/server/actors/network-monitor/network-observer.js :: _onResponseHeader :: line 1188"  data: no]
Stack: _onResponseHeader@resource://devtools/server/actors/network-monitor/network-observer.js:1188:5
_dispatchActivity@resource://devtools/server/actors/network-monitor/network-observer.js:631:14
NetworkObserver.prototype.observeActivity<@resource://devtools/server/actors/network-monitor/network-observer.js:740:12
exports.makeInfallible/<@resource://devtools/shared/ThreadSafeDevToolsUtils.js:103:22
Line: 1188, column: 0
console.error: ({})
Handler function threw an exception: TypeError: undefined has no properties
Stack: _getWaitTiming@resource://devtools/server/actors/network-monitor/network-observer.js:1287:1
_setupHarTimings@resource://devtools/server/actors/network-monitor/network-observer.js:1512:28
_onTransactionClose@resource://devtools/server/actors/network-monitor/network-observer.js:1235:27
_dispatchActivity@resource://devtools/server/actors/network-monitor/network-observer.js:634:14
NetworkObserver.prototype.observeActivity<@resource://devtools/server/actors/network-monitor/network-observer.js:740:12
exports.makeInfallible/<@resource://devtools/shared/ThreadSafeDevToolsUtils.js:103:22
Line: 1287, column: 1
console.error: (new TypeError("undefined has no properties", "resource://devtools/server/actors/network-monitor/network-observer.js", 1287))
console.error: "Error writing request: getGrids"
console.warn: LoginRecipes: "getRecipes: falling back to a synchronous message for:" "https://www.instagram.com"
1616774672838	Marionette	INFO	Stopped listening on port 53639

###!!! [Child][RunMessage] Error: Channel closing: too late to send/recv, messages will be lost

1616774677266	geckodriver	INFO	Listening on 127.0.0.1:53828
1616774680320	mozrunner::runner	INFO	Running command: "C:\\Program Files\\Mozilla Firefox\\firefox.exe" "--marionette" "-foreground" "-no-remote" "-profile" "C:\\Users\\Victor\\AppData\\Local\\Temp\\rust_mozprofileYIens1"
console.warn: SearchSettings: "get: No settings file exists, new profile?" (new Error("", "(unknown module)"))
1616774682267	Marionette	INFO	Listening on port 53836
1616774682349	Marionette	WARN	TLS certificate errors will be ignored for this session
SourceActor threw an exception: [Exception... "Component returned failure code: 0x80470002 (NS_BASE_STREAM_CLOSED) [nsIInputStream.available]"  nsresult: "0x80470002 (NS_BASE_STREAM_CLOSED)"  location: "JS frame :: resource://devtools/shared/DevToolsUtils.js :: onResponse :: line 567"  data: no]
Stack: onResponse@resource://devtools/shared/DevToolsUtils.js:567:34
onStopRequest@resource://gre/modules/NetUtil.jsm:128:18
Line: 567, column: 0
console.error: ({})
JavaScript error: resource://devtools/shared/DevToolsUtils.js, line 567: NS_BASE_STREAM_CLOSED: Component returned failure code: 0x80470002 (NS_BASE_STREAM_CLOSED) [nsIInputStream.available]
1616774952836	Marionette	INFO	Stopped listening on port 53836

###!!! [Child][RunMessage] Error: Channel closing: too late to send/recv, messages will be lost

1616774958264	geckodriver	INFO	Listening on 127.0.0.1:53964
1616774961315	mozrunner::runner	INFO	Running command: "C:\\Program Files\\Mozilla Firefox\\firefox.exe" "--marionette" "-foreground" "-no-remote" "-profile" "C:\\Users\\Victor\\AppData\\Local\\Temp\\rust_mozprofile7u1Tfy"
console.warn: SearchSettings: "get: No settings file exists, new profile?" (new Error("", "(unknown module)"))
1616774963159	Marionette	INFO	Listening on port 53974
1616774963335	Marionette	WARN	TLS certificate errors will be ignored for this session
SourceActor threw an exception: [Exception... "Component returned failure code: 0x80470002 (NS_BASE_STREAM_CLOSED) [nsIInputStream.available]"  nsresult: "0x80470002 (NS_BASE_STREAM_CLOSED)"  location: "JS frame :: resource://devtools/shared/DevToolsUtils.js :: onResponse :: line 567"  data: no]
Stack: onResponse@resource://devtools/shared/DevToolsUtils.js:567:34
onStopRequest@resource://gre/modules/NetUtil.jsm:128:18
Line: 567, column: 0
console.error: ({})
JavaScript error: resource://devtools/shared/DevToolsUtils.js, line 567: NS_BASE_STREAM_CLOSED: Component returned failure code: 0x80470002 (NS_BASE_STREAM_CLOSED) [nsIInputStream.available]
1616775108799	Marionette	INFO	Stopped listening on port 53974

###!!! [Child][RunMessage] Error: Channel closing: too late to send/recv, messages will be lost

1616775155427	geckodriver	INFO	Listening on 127.0.0.1:54095
1616775158480	mozrunner::runner	INFO	Running command: "C:\\Program Files\\Mozilla Firefox\\firefox.exe" "--marionette" "-foreground" "-no-remote" "-profile" "C:\\Users\\Victor\\AppData\\Local\\Temp\\rust_mozprofilers3eS0"
console.warn: SearchSettings: "get: No settings file exists, new profile?" (new Error("", "(unknown module)"))
1616775161048	Marionette	INFO	Listening on port 54103
1616775161096	Marionette	WARN	TLS certificate errors will be ignored for this session
JavaScript error: , line 0: uncaught exception: Object
console.log: WebExtensions: reset-default-search: No addons in our list are installed.
1616775715434	Marionette	INFO	Stopped listening on port 54103

###!!! [Child][RunMessage] Error: Channel closing: too late to send/recv, messages will be lost

1616775720569	geckodriver	INFO	Listening on 127.0.0.1:54344
1616775723623	mozrunner::runner	INFO	Running command: "C:\\Program Files\\Mozilla Firefox\\firefox.exe" "--marionette" "-foreground" "-no-remote" "-profile" "C:\\Users\\Victor\\AppData\\Local\\Temp\\rust_mozprofileK41Srw"
console.warn: SearchSettings: "get: No settings file exists, new profile?" (new Error("", "(unknown module)"))
1616775725628	Marionette	INFO	Listening on port 54352
1616775725643	Marionette	WARN	TLS certificate errors will be ignored for this session
SourceActor threw an exception: [Exception... "Component returned failure code: 0x80470002 (NS_BASE_STREAM_CLOSED) [nsIInputStream.available]"  nsresult: "0x80470002 (NS_BASE_STREAM_CLOSED)"  location: "JS frame :: resource://devtools/shared/DevToolsUtils.js :: onResponse :: line 567"  data: no]
Stack: onResponse@resource://devtools/shared/DevToolsUtils.js:567:34
onStopRequest@resource://gre/modules/NetUtil.jsm:128:18
Line: 567, column: 0
console.error: ({})
JavaScript error: resource://devtools/shared/DevToolsUtils.js, line 567: NS_BASE_STREAM_CLOSED: Component returned failure code: 0x80470002 (NS_BASE_STREAM_CLOSED) [nsIInputStream.available]
1616775882592	Marionette	INFO	Stopped listening on port 54352

###!!! [Child][RunMessage] Error: Channel closing: too late to send/recv, messages will be lost

1616775884515	geckodriver	INFO	Listening on 127.0.0.1:54466
1616775887565	mozrunner::runner	INFO	Running command: "C:\\Program Files\\Mozilla Firefox\\firefox.exe" "--marionette" "-foreground" "-no-remote" "-profile" "C:\\Users\\Victor\\AppData\\Local\\Temp\\rust_mozprofile0EpDp9"
console.warn: SearchSettings: "get: No settings file exists, new profile?" (new Error("", "(unknown module)"))
1616775889572	Marionette	INFO	Listening on port 54474
1616775889682	Marionette	WARN	TLS certificate errors will be ignored for this session
1616775908429	Marionette	INFO	Stopped listening on port 54474

###!!! [Child][RunMessage] Error: Channel closing: too late to send/recv, messages will be lost

1616775930294	geckodriver	INFO	Listening on 127.0.0.1:54563
1616775933341	mozrunner::runner	INFO	Running command: "C:\\Program Files\\Mozilla Firefox\\firefox.exe" "--marionette" "-foreground" "-no-remote" "-profile" "C:\\Users\\Victor\\AppData\\Local\\Temp\\rust_mozprofiledKh3kW"
console.warn: SearchSettings: "get: No settings file exists, new profile?" (new Error("", "(unknown module)"))
1616775935252	Marionette	INFO	Listening on port 54571
1616775935356	Marionette	WARN	TLS certificate errors will be ignored for this session
1616776417711	Marionette	INFO	Stopped listening on port 54571

###!!! [Child][RunMessage] Error: Channel closing: too late to send/recv, messages will be lost

1616776421334	geckodriver	INFO	Listening on 127.0.0.1:54752
1616776424396	mozrunner::runner	INFO	Running command: "C:\\Program Files\\Mozilla Firefox\\firefox.exe" "--marionette" "-foreground" "-no-remote" "-profile" "C:\\Users\\Victor\\AppData\\Local\\Temp\\rust_mozprofile8qbsjY"
console.warn: SearchSettings: "get: No settings file exists, new profile?" (new Error("", "(unknown module)"))
1616776426494	Marionette	INFO	Listening on port 54763
1616776426523	Marionette	WARN	TLS certificate errors will be ignored for this session
1616776750613	Marionette	INFO	Stopped listening on port 54763

###!!! [Child][RunMessage] Error: Channel closing: too late to send/recv, messages will be lost

1616776753780	geckodriver	INFO	Listening on 127.0.0.1:54931
1616776756827	mozrunner::runner	INFO	Running command: "C:\\Program Files\\Mozilla Firefox\\firefox.exe" "--marionette" "-foreground" "-no-remote" "-profile" "C:\\Users\\Victor\\AppData\\Local\\Temp\\rust_mozprofileBsmuWZ"
console.warn: SearchSettings: "get: No settings file exists, new profile?" (new Error("", "(unknown module)"))
1616776758735	Marionette	INFO	Listening on port 54941
1616776758854	Marionette	WARN	TLS certificate errors will be ignored for this session
1616776784732	Marionette	INFO	Stopped listening on port 54941

###!!! [Child][RunMessage] Error: Channel closing: too late to send/recv, messages will be lost

1616776786587	geckodriver	INFO	Listening on 127.0.0.1:55023
1616776789637	mozrunner::runner	INFO	Running command: "C:\\Program Files\\Mozilla Firefox\\firefox.exe" "--marionette" "-foreground" "-no-remote" "-profile" "C:\\Users\\Victor\\AppData\\Local\\Temp\\rust_mozprofileLTVRlZ"
console.warn: SearchSettings: "get: No settings file exists, new profile?" (new Error("", "(unknown module)"))
1616776792039	Marionette	INFO	Listening on port 55033
1616776792257	Marionette	WARN	TLS certificate errors will be ignored for this session
1616776807323	Marionette	INFO	Stopped listening on port 55033

###!!! [Child][RunMessage] Error: Channel closing: too late to send/recv, messages will be lost

1616778025510	geckodriver	INFO	Listening on 127.0.0.1:55411
1616778028544	mozrunner::runner	INFO	Running command: "C:\\Program Files\\Mozilla Firefox\\firefox.exe" "--marionette" "-foreground" "-no-remote" "-profile" "C:\\Users\\Victor\\AppData\\Local\\Temp\\rust_mozprofile4yUb3Y"
console.warn: SearchSettings: "get: No settings file exists, new profile?" (new Error("", "(unknown module)"))
1616778030667	Marionette	INFO	Listening on port 55422
1616778031160	Marionette	WARN	TLS certificate errors will be ignored for this session
SourceActor threw an exception: [Exception... "Component returned failure code: 0x80470002 (NS_BASE_STREAM_CLOSED) [nsIInputStream.available]"  nsresult: "0x80470002 (NS_BASE_STREAM_CLOSED)"  location: "JS frame :: resource://devtools/shared/DevToolsUtils.js :: onResponse :: line 567"  data: no]
Stack: onResponse@resource://devtools/shared/DevToolsUtils.js:567:34
onStopRequest@resource://gre/modules/NetUtil.jsm:128:18
Line: 567, column: 0
console.error: ({})
JavaScript error: resource://devtools/shared/DevToolsUtils.js, line 567: NS_BASE_STREAM_CLOSED: Component returned failure code: 0x80470002 (NS_BASE_STREAM_CLOSED) [nsIInputStream.available]
console.log: WebExtensions: reset-default-search: No addons in our list are installed.
1616778644117	Marionette	INFO	Stopped listening on port 55422

###!!! [Child][RunMessage] Error: Channel closing: too late to send/recv, messages will be lost

1616778645388	geckodriver	INFO	Listening on 127.0.0.1:55668
1616778648440	mozrunner::runner	INFO	Running command: "C:\\Program Files\\Mozilla Firefox\\firefox.exe" "--marionette" "-foreground" "-no-remote" "-profile" "C:\\Users\\Victor\\AppData\\Local\\Temp\\rust_mozprofile8vHgJR"
console.warn: SearchSettings: "get: No settings file exists, new profile?" (new Error("", "(unknown module)"))
1616778650261	Marionette	INFO	Listening on port 55676
1616778650458	Marionette	WARN	TLS certificate errors will be ignored for this session
[Parent 5516, IPC I/O Parent] WARNING: file /builds/worker/checkouts/gecko/ipc/chromium/src/base/process_util_win.cc:167
SourceActor threw an exception: [Exception... "Component returned failure code: 0x80470002 (NS_BASE_STREAM_CLOSED) [nsIInputStream.available]"  nsresult: "0x80470002 (NS_BASE_STREAM_CLOSED)"  location: "JS frame :: resource://devtools/shared/DevToolsUtils.js :: onResponse :: line 567"  data: no]
Stack: onResponse@resource://devtools/shared/DevToolsUtils.js:567:34
onStopRequest@resource://gre/modules/NetUtil.jsm:128:18
Line: 567, column: 0
console.error: ({})
JavaScript error: resource://devtools/shared/DevToolsUtils.js, line 567: NS_BASE_STREAM_CLOSED: Component returned failure code: 0x80470002 (NS_BASE_STREAM_CLOSED) [nsIInputStream.available]
JavaScript error: https://www.instagram.com/static/bundles/es6/ConsumerLibCommons.js/872dff06bff6.js, line 334: uncaught exception: Object
1616778975101	Marionette	INFO	Stopped listening on port 55676

###!!! [Child][RunMessage] Error: Channel closing: too late to send/recv, messages will be lost

1616778976799	geckodriver	INFO	Listening on 127.0.0.1:55818
1616778979847	mozrunner::runner	INFO	Running command: "C:\\Program Files\\Mozilla Firefox\\firefox.exe" "--marionette" "-foreground" "-no-remote" "-profile" "C:\\Users\\Victor\\AppData\\Local\\Temp\\rust_mozprofileBrnGSg"
console.warn: SearchSettings: "get: No settings file exists, new profile?" (new Error("", "(unknown module)"))
1616778981888	Marionette	INFO	Listening on port 55826
1616778981980	Marionette	WARN	TLS certificate errors will be ignored for this session
1616778993050	Marionette	WARN	TimedPromise timed out after 500 ms: stacktrace:
TimedPromise/<@chrome://marionette/content/sync.js:231:19
TimedPromise@chrome://marionette/content/sync.js:216:10
interaction.flushEventLoop@chrome://marionette/content/interaction.js:433:10
webdriverClickElement@chrome://marionette/content/interaction.js:179:31
JavaScript error: , line 0: uncaught exception: Object
1616779140770	Marionette	INFO	Stopped listening on port 55826

###!!! [Child][RunMessage] Error: Channel closing: too late to send/recv, messages will be lost

1616779142360	geckodriver	INFO	Listening on 127.0.0.1:55959
1616779145410	mozrunner::runner	INFO	Running command: "C:\\Program Files\\Mozilla Firefox\\firefox.exe" "--marionette" "-foreground" "-no-remote" "-profile" "C:\\Users\\Victor\\AppData\\Local\\Temp\\rust_mozprofileYypmfB"
console.warn: SearchSettings: "get: No settings file exists, new profile?" (new Error("", "(unknown module)"))
1616779148319	Marionette	INFO	Listening on port 55967
1616779148528	Marionette	WARN	TLS certificate errors will be ignored for this session
1616779160841	Marionette	WARN	TimedPromise timed out after 500 ms: stacktrace:
TimedPromise/<@chrome://marionette/content/sync.js:231:19
TimedPromise@chrome://marionette/content/sync.js:216:10
interaction.flushEventLoop@chrome://marionette/content/interaction.js:433:10
webdriverClickElement@chrome://marionette/content/interaction.js:179:31
1616779166339	Marionette	INFO	Stopped listening on port 55967

###!!! [Child][RunMessage] Error: Channel closing: too late to send/recv, messages will be lost

1616779167849	geckodriver	INFO	Listening on 127.0.0.1:56054
1616779170922	mozrunner::runner	INFO	Running command: "C:\\Program Files\\Mozilla Firefox\\firefox.exe" "--marionette" "-foreground" "-no-remote" "-profile" "C:\\Users\\Victor\\AppData\\Local\\Temp\\rust_mozprofiled6xBcv"
console.warn: SearchSettings: "get: No settings file exists, new profile?" (new Error("", "(unknown module)"))
1616779172862	Marionette	INFO	Listening on port 56065
1616779172944	Marionette	WARN	TLS certificate errors will be ignored for this session
1616779183040	Marionette	WARN	TimedPromise timed out after 500 ms: stacktrace:
TimedPromise/<@chrome://marionette/content/sync.js:231:19
TimedPromise@chrome://marionette/content/sync.js:216:10
interaction.flushEventLoop@chrome://marionette/content/interaction.js:433:10
webdriverClickElement@chrome://marionette/content/interaction.js:179:31
1616779222255	Marionette	INFO	Stopped listening on port 56065

###!!! [Child][RunMessage] Error: Channel closing: too late to send/recv, messages will be lost

1616779224040	geckodriver	INFO	Listening on 127.0.0.1:56156
1616779227074	mozrunner::runner	INFO	Running command: "C:\\Program Files\\Mozilla Firefox\\firefox.exe" "--marionette" "-foreground" "-no-remote" "-profile" "C:\\Users\\Victor\\AppData\\Local\\Temp\\rust_mozprofiledrwkOA"
console.warn: SearchSettings: "get: No settings file exists, new profile?" (new Error("", "(unknown module)"))
1616779229153	Marionette	INFO	Listening on port 56164
1616779229193	Marionette	WARN	TLS certificate errors will be ignored for this session
1616779240065	Marionette	WARN	TimedPromise timed out after 500 ms: stacktrace:
TimedPromise/<@chrome://marionette/content/sync.js:231:19
TimedPromise@chrome://marionette/content/sync.js:216:10
interaction.flushEventLoop@chrome://marionette/content/interaction.js:433:10
webdriverClickElement@chrome://marionette/content/interaction.js:179:31
1616779624027	Marionette	INFO	Stopped listening on port 56164

###!!! [Child][RunMessage] Error: Channel closing: too late to send/recv, messages will be lost

1616779626253	geckodriver	INFO	Listening on 127.0.0.1:56332
1616779629316	mozrunner::runner	INFO	Running command: "C:\\Program Files\\Mozilla Firefox\\firefox.exe" "--marionette" "-foreground" "-no-remote" "-profile" "C:\\Users\\Victor\\AppData\\Local\\Temp\\rust_mozprofileCUyY0Y"
console.warn: SearchSettings: "get: No settings file exists, new profile?" (new Error("", "(unknown module)"))
1616779631294	Marionette	INFO	Listening on port 56341
1616779631337	Marionette	WARN	TLS certificate errors will be ignored for this session
1616779645300	Marionette	WARN	TimedPromise timed out after 500 ms: stacktrace:
TimedPromise/<@chrome://marionette/content/sync.js:231:19
TimedPromise@chrome://marionette/content/sync.js:216:10
interaction.flushEventLoop@chrome://marionette/content/interaction.js:433:10
webdriverClickElement@chrome://marionette/content/interaction.js:179:31
1616779694393	Marionette	INFO	Stopped listening on port 56341

###!!! [Child][RunMessage] Error: Channel closing: too late to send/recv, messages will be lost

1616780047796	geckodriver	INFO	Listening on 127.0.0.1:56521
1616780050843	mozrunner::runner	INFO	Running command: "C:\\Program Files\\Mozilla Firefox\\firefox.exe" "--marionette" "-foreground" "-no-remote" "-profile" "C:\\Users\\Victor\\AppData\\Local\\Temp\\rust_mozprofilexyR5k3"
console.warn: SearchSettings: "get: No settings file exists, new profile?" (new Error("", "(unknown module)"))
1616780052988	Marionette	INFO	Listening on port 56529
1616780053475	Marionette	WARN	TLS certificate errors will be ignored for this session
1616780065397	Marionette	WARN	TimedPromise timed out after 500 ms: stacktrace:
TimedPromise/<@chrome://marionette/content/sync.js:231:19
TimedPromise@chrome://marionette/content/sync.js:216:10
interaction.flushEventLoop@chrome://marionette/content/interaction.js:433:10
webdriverClickElement@chrome://marionette/content/interaction.js:179:31
1616780148645	Marionette	INFO	Stopped listening on port 56529

###!!! [Child][RunMessage] Error: Channel closing: too late to send/recv, messages will be lost

1616780150506	geckodriver	INFO	Listening on 127.0.0.1:56662
1616780153544	mozrunner::runner	INFO	Running command: "C:\\Program Files\\Mozilla Firefox\\firefox.exe" "--marionette" "-foreground" "-no-remote" "-profile" "C:\\Users\\Victor\\AppData\\Local\\Temp\\rust_mozprofile470SNI"
console.warn: SearchSettings: "get: No settings file exists, new profile?" (new Error("", "(unknown module)"))
1616780155622	Marionette	INFO	Listening on port 56672
1616780155667	Marionette	WARN	TLS certificate errors will be ignored for this session
console.log: WebExtensions: reset-default-search: No addons in our list are installed.
1616782763340	Marionette	INFO	Stopped listening on port 56672

###!!! [Child][RunMessage] Error: Channel closing: too late to send/recv, messages will be lost

1616782767234	geckodriver	INFO	Listening on 127.0.0.1:57364
1616782770302	mozrunner::runner	INFO	Running command: "C:\\Program Files\\Mozilla Firefox\\firefox.exe" "--marionette" "-foreground" "-no-remote" "-profile" "C:\\Users\\Victor\\AppData\\Local\\Temp\\rust_mozprofilesGDFKL"
console.warn: SearchSettings: "get: No settings file exists, new profile?" (new Error("", "(unknown module)"))
1616782772347	Marionette	INFO	Listening on port 57372
1616782772422	Marionette	WARN	TLS certificate errors will be ignored for this session
1616782782964	Marionette	WARN	TimedPromise timed out after 500 ms: stacktrace:
TimedPromise/<@chrome://marionette/content/sync.js:231:19
TimedPromise@chrome://marionette/content/sync.js:216:10
interaction.flushEventLoop@chrome://marionette/content/interaction.js:433:10
webdriverClickElement@chrome://marionette/content/interaction.js:179:31
1616782810829	Marionette	INFO	Stopped listening on port 57372

###!!! [Child][RunMessage] Error: Channel closing: too late to send/recv, messages will be lost

1616782968029	geckodriver	INFO	Listening on 127.0.0.1:57489
1616782971075	mozrunner::runner	INFO	Running command: "C:\\Program Files\\Mozilla Firefox\\firefox.exe" "--marionette" "-foreground" "-no-remote" "-profile" "C:\\Users\\Victor\\AppData\\Local\\Temp\\rust_mozprofileqB67ne"
console.warn: SearchSettings: "get: No settings file exists, new profile?" (new Error("", "(unknown module)"))
1616782973084	Marionette	INFO	Listening on port 57498
1616782973101	Marionette	WARN	TLS certificate errors will be ignored for this session
1616782984183	Marionette	WARN	TimedPromise timed out after 500 ms: stacktrace:
TimedPromise/<@chrome://marionette/content/sync.js:231:19
TimedPromise@chrome://marionette/content/sync.js:216:10
interaction.flushEventLoop@chrome://marionette/content/interaction.js:433:10
webdriverClickElement@chrome://marionette/content/interaction.js:179:31
1616783280511	Marionette	INFO	Stopped listening on port 57498

###!!! [Child][RunMessage] Error: Channel closing: too late to send/recv, messages will be lost

1616783282190	geckodriver	INFO	Listening on 127.0.0.1:57665
1616783285223	mozrunner::runner	INFO	Running command: "C:\\Program Files\\Mozilla Firefox\\firefox.exe" "--marionette" "-foreground" "-no-remote" "-profile" "C:\\Users\\Victor\\AppData\\Local\\Temp\\rust_mozprofilefBblCs"
console.warn: SearchSettings: "get: No settings file exists, new profile?" (new Error("", "(unknown module)"))
1616783288274	Marionette	INFO	Listening on port 57673
1616783288344	Marionette	WARN	TLS certificate errors will be ignored for this session
1616783396053	Marionette	INFO	Stopped listening on port 57673

###!!! [Child][RunMessage] Error: Channel closing: too late to send/recv, messages will be lost

1616783398696	geckodriver	INFO	Listening on 127.0.0.1:57790
1616783401749	mozrunner::runner	INFO	Running command: "C:\\Program Files\\Mozilla Firefox\\firefox.exe" "--marionette" "-foreground" "-no-remote" "-profile" "C:\\Users\\Victor\\AppData\\Local\\Temp\\rust_mozprofilet6tONK"
console.warn: SearchSettings: "get: No settings file exists, new profile?" (new Error("", "(unknown module)"))
1616783403820	Marionette	INFO	Listening on port 57798
1616783403877	Marionette	WARN	TLS certificate errors will be ignored for this session
1616783415383	Marionette	WARN	TimedPromise timed out after 500 ms: stacktrace:
TimedPromise/<@chrome://marionette/content/sync.js:231:19
TimedPromise@chrome://marionette/content/sync.js:216:10
interaction.flushEventLoop@chrome://marionette/content/interaction.js:433:10
webdriverClickElement@chrome://marionette/content/interaction.js:179:31
1616783444440	Marionette	INFO	Stopped listening on port 57798

###!!! [Child][RunMessage] Error: Channel closing: too late to send/recv, messages will be lost

1616783446475	geckodriver	INFO	Listening on 127.0.0.1:57894
1616783449534	mozrunner::runner	INFO	Running command: "C:\\Program Files\\Mozilla Firefox\\firefox.exe" "--marionette" "-foreground" "-no-remote" "-profile" "C:\\Users\\Victor\\AppData\\Local\\Temp\\rust_mozprofilehYioV2"
console.warn: SearchSettings: "get: No settings file exists, new profile?" (new Error("", "(unknown module)"))
1616783453965	Marionette	INFO	Listening on port 57903
1616783454259	Marionette	WARN	TLS certificate errors will be ignored for this session
1616783464167	Marionette	WARN	TimedPromise timed out after 500 ms: stacktrace:
TimedPromise/<@chrome://marionette/content/sync.js:231:19
TimedPromise@chrome://marionette/content/sync.js:216:10
interaction.flushEventLoop@chrome://marionette/content/interaction.js:433:10
webdriverClickElement@chrome://marionette/content/interaction.js:179:31
1616783474406	Marionette	INFO	Stopped listening on port 57903

###!!! [Child][RunMessage] Error: Channel closing: too late to send/recv, messages will be lost

1616783506223	geckodriver	INFO	Listening on 127.0.0.1:57996
1616783509270	mozrunner::runner	INFO	Running command: "C:\\Program Files\\Mozilla Firefox\\firefox.exe" "--marionette" "-foreground" "-no-remote" "-profile" "C:\\Users\\Victor\\AppData\\Local\\Temp\\rust_mozprofilen5Ch3b"
console.warn: SearchSettings: "get: No settings file exists, new profile?" (new Error("", "(unknown module)"))
1616783511448	Marionette	INFO	Listening on port 58004
1616783511894	Marionette	WARN	TLS certificate errors will be ignored for this session
1616783522057	Marionette	WARN	TimedPromise timed out after 500 ms: stacktrace:
TimedPromise/<@chrome://marionette/content/sync.js:231:19
TimedPromise@chrome://marionette/content/sync.js:216:10
interaction.flushEventLoop@chrome://marionette/content/interaction.js:433:10
webdriverClickElement@chrome://marionette/content/interaction.js:179:31
1616783649785	Marionette	INFO	Stopped listening on port 58004

###!!! [Child][RunMessage] Error: Channel closing: too late to send/recv, messages will be lost

1616783651074	geckodriver	INFO	Listening on 127.0.0.1:58122
1616783654128	mozrunner::runner	INFO	Running command: "C:\\Program Files\\Mozilla Firefox\\firefox.exe" "--marionette" "-foreground" "-no-remote" "-profile" "C:\\Users\\Victor\\AppData\\Local\\Temp\\rust_mozprofiletsnoVt"
console.warn: SearchSettings: "get: No settings file exists, new profile?" (new Error("", "(unknown module)"))
1616783656075	Marionette	INFO	Listening on port 58132
1616783656151	Marionette	WARN	TLS certificate errors will be ignored for this session
1616783667373	Marionette	WARN	TimedPromise timed out after 500 ms: stacktrace:
TimedPromise/<@chrome://marionette/content/sync.js:231:19
TimedPromise@chrome://marionette/content/sync.js:216:10
interaction.flushEventLoop@chrome://marionette/content/interaction.js:433:10
webdriverClickElement@chrome://marionette/content/interaction.js:179:31
1616783677039	Marionette	INFO	Stopped listening on port 58132
1616783690152	geckodriver	INFO	Listening on 127.0.0.1:58233
1616783693204	mozrunner::runner	INFO	Running command: "C:\\Program Files\\Mozilla Firefox\\firefox.exe" "--marionette" "-foreground" "-no-remote" "-profile" "C:\\Users\\Victor\\AppData\\Local\\Temp\\rust_mozprofileyHiNJv"
console.warn: SearchSettings: "get: No settings file exists, new profile?" (new Error("", "(unknown module)"))
1616783695227	Marionette	INFO	Listening on port 58244
1616783695330	Marionette	WARN	TLS certificate errors will be ignored for this session
1616783705596	Marionette	WARN	TimedPromise timed out after 500 ms: stacktrace:
TimedPromise/<@chrome://marionette/content/sync.js:231:19
TimedPromise@chrome://marionette/content/sync.js:216:10
interaction.flushEventLoop@chrome://marionette/content/interaction.js:433:10
webdriverClickElement@chrome://marionette/content/interaction.js:179:31
console.log: WebExtensions: reset-default-search: No addons in our list are installed.
1616784471884	Marionette	INFO	Stopped listening on port 58244

###!!! [Child][RunMessage] Error: Channel closing: too late to send/recv, messages will be lost

1616787250435	geckodriver	INFO	Listening on 127.0.0.1:59186
1616787253479	mozrunner::runner	INFO	Running command: "C:\\Program Files\\Mozilla Firefox\\firefox.exe" "--marionette" "-foreground" "-no-remote" "-profile" "C:\\Users\\Victor\\AppData\\Local\\Temp\\rust_mozprofileoK6tcM"
console.warn: SearchSettings: "get: No settings file exists, new profile?" (new Error("", "(unknown module)"))
1616787256740	Marionette	INFO	Listening on port 59195
1616787257104	Marionette	WARN	TLS certificate errors will be ignored for this session
1616787285799	Marionette	INFO	Stopped listening on port 59195

###!!! [Child][RunMessage] Error: Channel closing: too late to send/recv, messages will be lost

1616787289935	geckodriver	INFO	Listening on 127.0.0.1:59272
1616787292968	mozrunner::runner	INFO	Running command: "C:\\Program Files\\Mozilla Firefox\\firefox.exe" "--marionette" "-foreground" "-no-remote" "-profile" "C:\\Users\\Victor\\AppData\\Local\\Temp\\rust_mozprofileUBTflO"
console.warn: SearchSettings: "get: No settings file exists, new profile?" (new Error("", "(unknown module)"))
1616787295142	Marionette	INFO	Listening on port 59283
1616787295591	Marionette	WARN	TLS certificate errors will be ignored for this session
1616787315593	Marionette	INFO	Stopped listening on port 59283

###!!! [Child][RunMessage] Error: Channel closing: too late to send/recv, messages will be lost

1616787331768	geckodriver	INFO	Listening on 127.0.0.1:59356
1616787334781	mozrunner::runner	INFO	Running command: "C:\\Program Files\\Mozilla Firefox\\firefox.exe" "--marionette" "-foreground" "-no-remote" "-profile" "C:\\Users\\Victor\\AppData\\Local\\Temp\\rust_mozprofileVHfZEn"
console.warn: SearchSettings: "get: No settings file exists, new profile?" (new Error("", "(unknown module)"))
1616787336833	Marionette	INFO	Listening on port 59368
1616787336901	Marionette	WARN	TLS certificate errors will be ignored for this session
1616787344877	Marionette	INFO	Stopped listening on port 59368

###!!! [Child][RunMessage] Error: Channel closing: too late to send/recv, messages will be lost

1616788956898	geckodriver	INFO	Listening on 127.0.0.1:59824
1616788959942	mozrunner::runner	INFO	Running command: "C:\\Program Files\\Mozilla Firefox\\firefox.exe" "--marionette" "-foreground" "-no-remote" "-profile" "C:\\Users\\Victor\\AppData\\Local\\Temp\\rust_mozprofileMxn0Rk"
console.warn: SearchSettings: "get: No settings file exists, new profile?" (new Error("", "(unknown module)"))
1616788961927	Marionette	INFO	Listening on port 59833
1616788961966	Marionette	WARN	TLS certificate errors will be ignored for this session
1616788975356	Marionette	WARN	TimedPromise timed out after 500 ms: stacktrace:
TimedPromise/<@chrome://marionette/content/sync.js:231:19
TimedPromise@chrome://marionette/content/sync.js:216:10
interaction.flushEventLoop@chrome://marionette/content/interaction.js:433:10
webdriverClickElement@chrome://marionette/content/interaction.js:179:31
1616789049723	Marionette	INFO	Stopped listening on port 59833
1616789062421	geckodriver	INFO	Listening on 127.0.0.1:59962
1616789065474	mozrunner::runner	INFO	Running command: "C:\\Program Files\\Mozilla Firefox\\firefox.exe" "--marionette" "-foreground" "-no-remote" "-profile" "C:\\Users\\Victor\\AppData\\Local\\Temp\\rust_mozprofile8QaC1r"
console.warn: SearchSettings: "get: No settings file exists, new profile?" (new Error("", "(unknown module)"))
1616789067540	Marionette	INFO	Listening on port 59975
1616789067596	Marionette	WARN	TLS certificate errors will be ignored for this session
[Parent 3260, IPC I/O Parent] WARNING: file /builds/worker/checkouts/gecko/ipc/chromium/src/base/process_util_win.cc:167
1616789079908	Marionette	WARN	TimedPromise timed out after 500 ms: stacktrace:
TimedPromise/<@chrome://marionette/content/sync.js:231:19
TimedPromise@chrome://marionette/content/sync.js:216:10
interaction.flushEventLoop@chrome://marionette/content/interaction.js:433:10
webdriverClickElement@chrome://marionette/content/interaction.js:179:31
1616789112062	Marionette	INFO	Stopped listening on port 59975

###!!! [Child][RunMessage] Error: Channel closing: too late to send/recv, messages will be lost

1616792310153	geckodriver	INFO	Listening on 127.0.0.1:60878
1616792313197	mozrunner::runner	INFO	Running command: "C:\\Program Files\\Mozilla Firefox\\firefox.exe" "--marionette" "-foreground" "-no-remote" "-profile" "C:\\Users\\Victor\\AppData\\Local\\Temp\\rust_mozprofileERXdx2"
console.warn: SearchSettings: "get: No settings file exists, new profile?" (new Error("", "(unknown module)"))
1616792315345	Marionette	INFO	Listening on port 60886
1616792315818	Marionette	WARN	TLS certificate errors will be ignored for this session
1616792328864	Marionette	WARN	TimedPromise timed out after 500 ms: stacktrace:
TimedPromise/<@chrome://marionette/content/sync.js:231:19
TimedPromise@chrome://marionette/content/sync.js:216:10
interaction.flushEventLoop@chrome://marionette/content/interaction.js:433:10
webdriverClickElement@chrome://marionette/content/interaction.js:179:31
1616792398378	Marionette	INFO	Stopped listening on port 60886

###!!! [Child][RunMessage] Error: Channel closing: too late to send/recv, messages will be lost

1616792409586	geckodriver	INFO	Listening on 127.0.0.1:60998
1616792412619	mozrunner::runner	INFO	Running command: "C:\\Program Files\\Mozilla Firefox\\firefox.exe" "--marionette" "-foreground" "-no-remote" "-profile" "C:\\Users\\Victor\\AppData\\Local\\Temp\\rust_mozprofileGSdKPM"
console.warn: SearchSettings: "get: No settings file exists, new profile?" (new Error("", "(unknown module)"))
1616792415658	Marionette	INFO	Listening on port 61006
1616792415744	Marionette	WARN	TLS certificate errors will be ignored for this session
1616792428619	Marionette	WARN	TimedPromise timed out after 500 ms: stacktrace:
TimedPromise/<@chrome://marionette/content/sync.js:231:19
TimedPromise@chrome://marionette/content/sync.js:216:10
interaction.flushEventLoop@chrome://marionette/content/interaction.js:433:10
webdriverClickElement@chrome://marionette/content/interaction.js:179:31
console.log: WebExtensions: reset-default-search: No addons in our list are installed.
1616794757923	Marionette	INFO	Stopped listening on port 61006

###!!! [Child][RunMessage] Error: Channel closing: too late to send/recv, messages will be lost

1616794778597	geckodriver	INFO	Listening on 127.0.0.1:61722
1616794781663	mozrunner::runner	INFO	Running command: "C:\\Program Files\\Mozilla Firefox\\firefox.exe" "--marionette" "-foreground" "-no-remote" "-profile" "C:\\Users\\Victor\\AppData\\Local\\Temp\\rust_mozprofilehtL6tq"
console.warn: SearchSettings: "get: No settings file exists, new profile?" (new Error("", "(unknown module)"))
1616794783829	Marionette	INFO	Listening on port 61731
1616794784299	Marionette	WARN	TLS certificate errors will be ignored for this session
1616794796063	Marionette	WARN	TimedPromise timed out after 500 ms: stacktrace:
TimedPromise/<@chrome://marionette/content/sync.js:231:19
TimedPromise@chrome://marionette/content/sync.js:216:10
interaction.flushEventLoop@chrome://marionette/content/interaction.js:433:10
webdriverClickElement@chrome://marionette/content/interaction.js:179:31
[Child 14056, IPC I/O Child] WARNING: pipe error: 232: file /builds/worker/checkouts/gecko/ipc/chromium/src/chrome/common/ipc_channel_win.cc:544
1616794870252	Marionette	INFO	Stopped listening on port 61731

###!!! [Child][RunMessage] Error: Channel closing: too late to send/recv, messages will be lost

1616794883189	geckodriver	INFO	Listening on 127.0.0.1:61838
1616794886230	mozrunner::runner	INFO	Running command: "C:\\Program Files\\Mozilla Firefox\\firefox.exe" "--marionette" "-foreground" "-no-remote" "-profile" "C:\\Users\\Victor\\AppData\\Local\\Temp\\rust_mozprofileGUcGTK"
console.warn: SearchSettings: "get: No settings file exists, new profile?" (new Error("", "(unknown module)"))
1616794888368	Marionette	INFO	Listening on port 61847
1616794888850	Marionette	WARN	TLS certificate errors will be ignored for this session
1616794901809	Marionette	WARN	TimedPromise timed out after 500 ms: stacktrace:
TimedPromise/<@chrome://marionette/content/sync.js:231:19
TimedPromise@chrome://marionette/content/sync.js:216:10
interaction.flushEventLoop@chrome://marionette/content/interaction.js:433:10
webdriverClickElement@chrome://marionette/content/interaction.js:179:31
JavaScript error: , line 0: uncaught exception: Object
1616795044296	Marionette	INFO	Stopped listening on port 61847

###!!! [Child][RunMessage] Error: Channel closing: too late to send/recv, messages will be lost

1616795054096	geckodriver	INFO	Listening on 127.0.0.1:61964
1616795057163	mozrunner::runner	INFO	Running command: "C:\\Program Files\\Mozilla Firefox\\firefox.exe" "--marionette" "-foreground" "-no-remote" "-profile" "C:\\Users\\Victor\\AppData\\Local\\Temp\\rust_mozprofileSJllUb"
console.warn: SearchSettings: "get: No settings file exists, new profile?" (new Error("", "(unknown module)"))
1616795059268	Marionette	INFO	Listening on port 61972
1616795059287	Marionette	WARN	TLS certificate errors will be ignored for this session
1616795071963	Marionette	WARN	TimedPromise timed out after 500 ms: stacktrace:
TimedPromise/<@chrome://marionette/content/sync.js:231:19
TimedPromise@chrome://marionette/content/sync.js:216:10
interaction.flushEventLoop@chrome://marionette/content/interaction.js:433:10
webdriverClickElement@chrome://marionette/content/interaction.js:179:31
1616795170768	Marionette	INFO	Stopped listening on port 61972

###!!! [Child][RunMessage] Error: Channel closing: too late to send/recv, messages will be lost

